2025-12-11 00:24:35.327 | INFO     | uvicorn.config:__init__:322 - Will watch for changes in these directories: ['/Users/tao/workspace/FastapiCloud']
2025-12-11 00:24:35.333 | INFO     | uvicorn.config:bind_socket:543 - Uvicorn running on http://localhost:8000 (Press CTRL+C to quit)
2025-12-11 00:24:35.333 | INFO     | uvicorn.supervisors.basereload:startup:80 - Started reloader process [17113] using WatchFiles
2025-12-11 00:24:35.850 | INFO     | uvicorn.server:_serve:84 - Started server process [17117]
2025-12-11 00:24:35.851 | INFO     | uvicorn.lifespan.on:startup:48 - Waiting for application startup.
2025-12-11 00:24:35.851 | INFO     | main:lifespan:32 - 用户服务启动...FastapiCloud
2025-12-11 00:24:35.857 | INFO     | core.database:create_db_and_tables:73 - 数据库表创建成功
2025-12-11 00:24:36.082 | INFO     | uvicorn.lifespan.on:startup:62 - Application startup complete.
2025-12-11 00:24:38.613 | INFO     | uvicorn.server:shutdown:264 - Shutting down
2025-12-11 00:24:38.729 | INFO     | uvicorn.supervisors.basereload:shutdown:116 - Stopping reloader process [17113]
2025-12-11 00:25:16.730 | INFO     | uvicorn.config:__init__:322 - Will watch for changes in these directories: ['/Users/tao/workspace/FastapiCloud']
2025-12-11 00:25:16.731 | INFO     | uvicorn.config:bind_socket:543 - Uvicorn running on http://localhost:8000 (Press CTRL+C to quit)
2025-12-11 00:25:16.731 | INFO     | uvicorn.supervisors.basereload:startup:80 - Started reloader process [17330] using WatchFiles
2025-12-11 00:25:17.224 | INFO     | uvicorn.server:_serve:84 - Started server process [17334]
2025-12-11 00:25:17.224 | INFO     | uvicorn.lifespan.on:startup:48 - Waiting for application startup.
2025-12-11 00:25:17.225 | INFO     | main:lifespan:32 - 用户服务启动...FastapiCloud
2025-12-11 00:25:17.235 | INFO     | core.database:create_db_and_tables:50 - 数据库表创建成功
2025-12-11 00:25:17.457 | INFO     | uvicorn.lifespan.on:startup:62 - Application startup complete.
2025-12-11 00:25:19.580 | INFO     | uvicorn.server:shutdown:264 - Shutting down
2025-12-11 00:25:19.682 | INFO     | uvicorn.lifespan.on:shutdown:67 - Waiting for application shutdown.
2025-12-11 00:25:19.683 | INFO     | main:lifespan:41 - 用户服务关闭...FastapiCloud
2025-12-11 00:25:19.686 | INFO     | uvicorn.supervisors.basereload:shutdown:116 - Stopping reloader process [17330]
